<?xml version="1.0" encoding="UTF-8"?>
<!-- Generated by org.testng.reporters.JUnitXMLReporter -->
<testsuite ignored="0" hostname="DESKTOP-2A8DDC6" failures="0" tests="4" name="Default test" time="1.077" errors="0" timestamp="2023-04-28T13:01:43 BST">
  <testcase classname="DataromExcel" name="test" time="0.012"/>
  <testcase classname="DataromExcel" name="test" time="0.002"/>
  <testcase classname="DataromExcel" name="test" time="0.001"/>
  <testcase classname="DataromExcel" name="test" time="0.002"/>
</testsuite> <!-- Default test -->
